node.exe : C:\Users\user\Documents
\GitHub\procurify-bm\sveltekit\src
\lib\server\db\index.ts:13
At line:1 char:1
+ & "C:\nvm4w\nodejs/node.exe" "C:
\nvm4w\nodejs/node_modules/npm/bin
/np ...
+ ~~~~~~~~~~~~~~~~~~~~~~~~~~~~~~~~
~~~~~~~~~~~~~~~~~~~~~~~~~~~~~~~~~~
~~~
    + CategoryInfo          : Not 
   Specified: (C:\Users\user\D..  
  .\db\index.ts:13:String) [],    
 RemoteException
    + FullyQualifiedErrorId : Nat 
   iveCommandError
 
    throw new Error(message);
          ^

Error: DATABASE_URL is not set. 
Check your .env file.
    at <anonymous> (C:\Users\user\
Documents\GitHub\procurify-bm\svel
tekit\src\lib\server\db\index.ts:1
3:11)
    at ModuleJob.run (node:interna
l/modules/esm/module_job:343:25)
    at async 
onImport.tracePromise.__proto__ (n
ode:internal/modules/esm/loader:66
5:26)
    at async 
asyncRunEntryPointWithESMLoader (n
ode:internal/modules/run_main:117:
5)

Node.js v22.22.0
